# JRE version: Java(TM) SE Runtime Environment (20.0.1+9) (build 20.0.1+9-29)
# Java VM: Java HotSpot(TM) 64-Bit Server VM (20.0.1+9-29, mixed mode, sharing, tiered, compressed oops, compressed class ptrs, g1 gc, windows-amd64)
GC Precious Log:
 CardTable entry size: 512
 Card Set container configuration: InlinePtr #cards 5 size 8 Array Of Cards #cards 12 size 40 Howl #buckets 4 coarsen threshold 1843 Howl Bitmap #cards 512 size 80 coarsen threshold 460 Card regions per heap region 1 cards per card region 2048
 CPUs: 12 total, 12 available
 Memory: 7514M
 Large Page Support: Disabled
 NUMA Support: Disabled
 Compressed Oops: Enabled (32-bit)
 Heap Region Size: 1M
 Heap Min Capacity: 8M
 Heap Initial Capacity: 118M
 Heap Max Capacity: 1880M
 Pre-touch: Disabled
 Parallel Workers: 10
 Concurrent Workers: 3
 Concurrent Refinement Workers: 10
 Periodic GC: Disabled
Heap:
 garbage-first heap   total 388096K, used 235626K [0x000000008a800000, 0x0000000100000000)
  region size 1024K, 8 young (8192K), 1 survivors (1024K)
 Metaspace       used 7607K, committed 7808K, reserved 1114112K
  class space    used 797K, committed 896K, reserved 1048576K
GC Heap History (8 events):
Event: 0.329 GC heap before
{Heap before GC invocations=0 (full 0):
 garbage-first heap   total 120832K, used 8192K [0x000000008a800000, 0x0000000100000000)
  region size 1024K, 10 young (10240K), 0 survivors (0K)
 Metaspace       used 4830K, committed 5056K, reserved 1114112K
  class space    used 498K, committed 640K, reserved 1048576K
}
Event: 0.333 GC heap after
{Heap after GC invocations=1 (full 0):
 garbage-first heap   total 120832K, used 3595K [0x000000008a800000, 0x0000000100000000)
  region size 1024K, 3 young (3072K), 3 survivors (3072K)
 Metaspace       used 4830K, committed 5056K, reserved 1114112K
  class space    used 498K, committed 640K, reserved 1048576K
}
Event: 0.371 GC heap before
{Heap before GC invocations=1 (full 0):
 garbage-first heap   total 219136K, used 112139K [0x000000008a800000, 0x0000000100000000)
  region size 1024K, 4 young (4096K), 3 survivors (3072K)
 Metaspace       used 4833K, committed 5056K, reserved 1114112K
  class space    used 498K, committed 640K, reserved 1048576K
}
Event: 0.374 GC heap after
{Heap after GC invocations=2 (full 0):
 garbage-first heap   total 219136K, used 112646K [0x000000008a800000, 0x0000000100000000)
  region size 1024K, 1 young (1024K), 1 survivors (1024K)
 Metaspace       used 4833K, committed 5056K, reserved 1114112K
  class space    used 498K, committed 640K, reserved 1048576K
}
Event: 0.650 GC heap before
{Heap before GC invocations=3 (full 0):
 garbage-first heap   total 370688K, used 265222K [0x000000008a800000, 0x0000000100000000)
  region size 1024K, 45 young (46080K), 1 survivors (1024K)
 Metaspace       used 4841K, committed 5056K, reserved 1114112K
  class space    used 498K, committed 640K, reserved 1048576K
}
Event: 0.650 GC heap after
{Heap after GC invocations=4 (full 0):
 garbage-first heap   total 370688K, used 220964K [0x000000008a800000, 0x0000000100000000)
  region size 1024K, 1 young (1024K), 1 survivors (1024K)
 Metaspace       used 4841K, committed 5056K, reserved 1114112K
  class space    used 498K, committed 640K, reserved 1048576K
}
Event: 10868.621 GC heap before
{Heap before GC invocations=4 (full 0):
 garbage-first heap   total 370688K, used 332580K [0x000000008a800000, 0x0000000100000000)
  region size 1024K, 111 young (113664K), 1 survivors (1024K)
 Metaspace       used 7644K, committed 7808K, reserved 1114112K
  class space    used 808K, committed 896K, reserved 1048576K
}
Event: 10868.703 GC heap after
{Heap after GC invocations=5 (full 0):
 garbage-first heap   total 370688K, used 221290K [0x000000008a800000, 0x0000000100000000)
  region size 1024K, 1 young (1024K), 1 survivors (1024K)
 Metaspace       used 7644K, committed 7808K, reserved 1114112K
  class space    used 808K, committed 896K, reserved 1048576K
}

